17:29:41 10.09.2025 - Flask-App gestartet
17:29:52 10.09.2025 - M-Server starten gedrückt
17:29:52 10.09.2025 - M-Server starten ausgeführt
17:29:55 10.09.2025 - M-Server stoppen gedrückt
17:35:59 10.09.2025 - Flask-App gestartet
17:40:40 10.09.2025 - Flask-App gestartet
17:49:05 10.09.2025 - Flask-App gestartet
17:54:33 10.09.2025 - Flask-App gestartet
17:56:15 10.09.2025 - M-Server Status: running
17:56:26 10.09.2025 - M-Server Status: running
17:56:36 10.09.2025 - M-Server Status: running
17:56:46 10.09.2025 - M-Server Status: running
17:56:56 10.09.2025 - M-Server Status: running
17:57:06 10.09.2025 - M-Server Status: running
17:57:16 10.09.2025 - M-Server Status: running
17:58:23 10.09.2025 - M-Server Status: running
18:01:05 10.09.2025 - Flask-App gestartet
18:01:23 10.09.2025 - M-Server Status: exited
18:02:23 10.09.2025 - M-Server Status: exited
18:03:23 10.09.2025 - M-Server Status: exited
18:04:23 10.09.2025 - M-Server Status: exited
18:05:23 10.09.2025 - M-Server Status: exited
18:09:16 10.09.2025 - Flask-App gestartet
18:09:19 10.09.2025 - M-Server Status: running
18:09:27 10.09.2025 - M-Server stoppen gedrückt
18:09:29 10.09.2025 - M-Server Status: running
18:21:36 10.09.2025 - Flask-App gestartet
18:21:44 10.09.2025 - M-Server Status: running
18:21:54 10.09.2025 - M-Server Status: running
18:22:17 10.09.2025 - M-Server Status: running
18:24:52 10.09.2025 - Flask-App gestartet
18:24:54 10.09.2025 - M-Server Status: running
18:25:04 10.09.2025 - M-Server Status: running
18:25:05 10.09.2025 - M-Server stoppen gedrückt
18:25:06 10.09.2025 - M-Server stoppen ausgeführt
18:25:06 10.09.2025 - M-Server Status: running
18:25:06 10.09.2025 - M-Server Status: running
18:25:14 10.09.2025 - M-Server Status: running
18:25:17 10.09.2025 - M-Server starten gedrückt
18:25:18 10.09.2025 - M-Server starten ausgeführt
18:25:18 10.09.2025 - M-Server Status: running
18:25:18 10.09.2025 - M-Server Status: running
18:25:24 10.09.2025 - M-Server Status: running
18:25:34 10.09.2025 - M-Server Status: running
18:25:42 10.09.2025 - M-Server stoppen gedrückt
18:25:42 10.09.2025 - M-Server stoppen ausgeführt
18:25:42 10.09.2025 - M-Server Status: running
18:25:42 10.09.2025 - M-Server Status: running
18:25:44 10.09.2025 - M-Server Status: running
18:25:49 10.09.2025 - M-Server starten gedrückt
18:25:49 10.09.2025 - M-Server starten ausgeführt
18:25:49 10.09.2025 - M-Server Status: running
18:25:49 10.09.2025 - M-Server Status: running
18:25:54 10.09.2025 - M-Server Status: running
18:26:04 10.09.2025 - M-Server Status: running
18:26:14 10.09.2025 - M-Server Status: running
18:26:24 10.09.2025 - M-Server Status: running
18:26:34 10.09.2025 - M-Server Status: running
18:26:44 10.09.2025 - M-Server Status: running
18:26:54 10.09.2025 - M-Server Status: running
18:27:04 10.09.2025 - M-Server Status: running
18:27:14 10.09.2025 - M-Server Status: running
18:27:25 10.09.2025 - M-Server Status: running
18:27:35 10.09.2025 - M-Server Status: running
18:27:44 10.09.2025 - M-Server Status: running
18:28:23 10.09.2025 - M-Server Status: running
18:29:12 10.09.2025 - Flask-App gestartet
18:29:14 10.09.2025 - M-Server Status: running
18:29:18 10.09.2025 - M-Server stoppen gedrückt
18:29:19 10.09.2025 - M-Server stoppen ausgeführt
18:29:19 10.09.2025 - M-Server Status: running
18:29:19 10.09.2025 - M-Server Status: running
18:29:23 10.09.2025 - M-Server Status: running
18:29:24 10.09.2025 - M-Server Status: running
18:29:31 10.09.2025 - M-Server starten gedrückt
18:29:31 10.09.2025 - M-Server starten ausgeführt
18:29:31 10.09.2025 - M-Server Status: running
18:29:31 10.09.2025 - M-Server Status: running
18:29:34 10.09.2025 - M-Server Status: running
18:29:40 10.09.2025 - M-Server stoppen gedrückt
18:29:41 10.09.2025 - M-Server stoppen ausgeführt
18:29:41 10.09.2025 - M-Server Status: running
18:29:41 10.09.2025 - M-Server Status: running
18:29:44 10.09.2025 - M-Server Status: running
18:29:55 10.09.2025 - M-Server Status: running
18:30:05 10.09.2025 - M-Server Status: running
18:30:15 10.09.2025 - M-Server Status: running
18:30:23 10.09.2025 - M-Server Status: running
18:30:25 10.09.2025 - M-Server Status: running
18:30:35 10.09.2025 - M-Server Status: running
18:30:45 10.09.2025 - M-Server Status: running
18:31:23 10.09.2025 - M-Server Status: running
18:31:23 10.09.2025 - M-Server Status: running
18:32:23 10.09.2025 - M-Server Status: running
18:32:23 10.09.2025 - M-Server Status: running
18:33:23 10.09.2025 - M-Server Status: running
18:33:23 10.09.2025 - M-Server Status: running
18:34:23 10.09.2025 - M-Server Status: running
18:34:23 10.09.2025 - M-Server Status: running
18:35:24 10.09.2025 - Flask-App gestartet
18:35:27 10.09.2025 - M-Server Status: exited
18:35:37 10.09.2025 - M-Server Status: exited
18:35:41 10.09.2025 - M-Server starten gedrückt
18:35:42 10.09.2025 - M-Server starten ausgeführt
18:35:42 10.09.2025 - M-Server Status: exited
18:35:42 10.09.2025 - M-Server Status: exited
18:35:47 10.09.2025 - M-Server Status: exited
18:35:57 10.09.2025 - M-Server Status: exited
18:36:03 10.09.2025 - M-Server stoppen gedrückt
18:36:04 10.09.2025 - M-Server stoppen ausgeführt
18:36:04 10.09.2025 - M-Server Status: exited
18:36:04 10.09.2025 - M-Server Status: exited
18:36:07 10.09.2025 - M-Server Status: exited
18:36:17 10.09.2025 - M-Server Status: exited
18:36:23 10.09.2025 - M-Server Status: exited
18:36:23 10.09.2025 - M-Server Status: exited
18:36:25 10.09.2025 - M-Server starten gedrückt
18:36:25 10.09.2025 - M-Server starten ausgeführt
18:36:25 10.09.2025 - M-Server Status: exited
18:36:25 10.09.2025 - M-Server Status: exited
18:36:27 10.09.2025 - M-Server Status: exited
18:36:37 10.09.2025 - M-Server Status: exited
18:36:52 10.09.2025 - M-Server Status: exited
18:36:54 10.09.2025 - M-Server Status: exited
18:36:54 10.09.2025 - M-Server stoppen gedrückt
18:36:55 10.09.2025 - M-Server stoppen ausgeführt
18:36:55 10.09.2025 - M-Server Status: exited
18:36:55 10.09.2025 - M-Server Status: exited
18:37:04 10.09.2025 - M-Server Status: exited
18:37:08 10.09.2025 - M-Server starten gedrückt
18:37:08 10.09.2025 - M-Server starten ausgeführt
18:37:08 10.09.2025 - M-Server Status: exited
18:37:08 10.09.2025 - M-Server Status: exited
18:37:15 10.09.2025 - M-Server Status: exited
18:37:23 10.09.2025 - M-Server Status: exited
18:37:24 10.09.2025 - M-Server Status: exited
18:37:34 10.09.2025 - M-Server Status: exited
18:37:45 10.09.2025 - M-Server Status: exited
18:37:49 10.09.2025 - M-Server starten gedrückt
18:37:49 10.09.2025 - M-Server starten ausgeführt
18:37:49 10.09.2025 - M-Server Status: exited
18:37:49 10.09.2025 - M-Server Status: exited
18:37:55 10.09.2025 - M-Server Status: exited
18:37:59 10.09.2025 - M-Server stoppen gedrückt
18:38:00 10.09.2025 - M-Server stoppen ausgeführt
18:38:00 10.09.2025 - M-Server Status: exited
18:38:00 10.09.2025 - M-Server Status: exited
18:38:05 10.09.2025 - M-Server Status: exited
18:38:15 10.09.2025 - M-Server Status: exited
18:38:23 10.09.2025 - M-Server Status: exited
18:38:25 10.09.2025 - M-Server Status: exited
18:38:35 10.09.2025 - M-Server Status: exited
18:38:45 10.09.2025 - M-Server Status: exited
18:38:55 10.09.2025 - M-Server Status: exited
18:39:23 10.09.2025 - M-Server Status: exited
18:39:23 10.09.2025 - M-Server Status: exited
18:40:23 10.09.2025 - M-Server Status: exited
18:40:23 10.09.2025 - M-Server Status: exited
18:42:43 10.09.2025 - Flask-App gestartet
18:42:45 10.09.2025 - M-Server Status: exited
18:42:53 10.09.2025 - M-Server starten gedrückt
18:42:53 10.09.2025 - M-Server starten ausgeführt
18:42:53 10.09.2025 - M-Server Status: running
18:42:53 10.09.2025 - M-Server Status: running
18:42:55 10.09.2025 - M-Server Status: running
18:43:04 10.09.2025 - M-Server stoppen gedrückt
18:43:05 10.09.2025 - M-Server stoppen ausgeführt
18:43:05 10.09.2025 - M-Server Status: exited
18:43:05 10.09.2025 - M-Server Status: exited
18:43:05 10.09.2025 - M-Server Status: exited
18:43:15 10.09.2025 - M-Server Status: exited
18:43:23 10.09.2025 - M-Server Status: running
18:43:23 10.09.2025 - M-Server Status: running
18:43:25 10.09.2025 - M-Server Status: running
18:43:35 10.09.2025 - M-Server Status: exited
18:43:45 10.09.2025 - M-Server Status: exited
18:43:48 10.09.2025 - M-Server Status: exited
18:43:49 10.09.2025 - M-Server Status: exited
18:53:05 10.09.2025 - Flask-App gestartet
18:53:08 10.09.2025 - M-Server Status: exited
18:53:17 10.09.2025 - M-Server starten gedrückt
18:53:17 10.09.2025 - M-Server starten ausgeführt
18:53:17 10.09.2025 - M-Server Status: running
18:53:17 10.09.2025 - M-Server Status: running
18:53:18 10.09.2025 - M-Server Status: running
18:53:22 10.09.2025 - M-Server stoppen gedrückt
18:53:23 10.09.2025 - M-Server stoppen ausgeführt
18:53:23 10.09.2025 - M-Server Status: exited
18:53:23 10.09.2025 - M-Server Status: exited
18:53:28 10.09.2025 - M-Server Status: exited
19:55:48 10.09.2025 - Flask-App gestartet
19:55:59 10.09.2025 - M-Server starten gedrückt
19:55:59 10.09.2025 - M-Server starten ausgeführt
19:56:04 10.09.2025 - M-Server stoppen gedrückt
19:56:05 10.09.2025 - M-Server stoppen ausgeführt
19:56:53 10.09.2025 - Flask-App gestartet
19:59:26 10.09.2025 - Flask-App gestartet
19:59:37 10.09.2025 - M-Server starten gedrückt
19:59:37 10.09.2025 - M-Server starten ausgeführt
19:59:44 10.09.2025 - M-Server stoppen gedrückt
19:59:44 10.09.2025 - M-Server stoppen ausgeführt
19:59:49 10.09.2025 - M-Server starten gedrückt
19:59:49 10.09.2025 - M-Server starten ausgeführt
20:01:11 10.09.2025 - Flask-App gestartet
20:01:32 10.09.2025 - M-Server stoppen gedrückt
20:01:32 10.09.2025 - M-Server stoppen ausgeführt
20:02:09 10.09.2025 - M-Server starten gedrückt
20:02:09 10.09.2025 - M-Server starten ausgeführt
20:23:50 10.09.2025 - Flask-App gestartet
21:23:47 10.09.2025 - Flask-App gestartet
21:25:28 10.09.2025 - M-Server stoppen ausgeführt
21:25:28 10.09.2025 - Automatischer Stopp des Containers um 21:25
21:28:36 10.09.2025 - Flask-App gestartet
21:28:59 10.09.2025 - Flask-App gestartet
21:29:03 10.09.2025 - M-Server starten gedrückt
21:29:03 10.09.2025 - M-Server starten ausgeführt
12:39:20 11.09.2025 - Flask-App gestartet
12:39:28 11.09.2025 - M-Server starten gedrückt
12:39:28 11.09.2025 - M-Server starten ausgeführt
12:40:00 11.09.2025 - Flask-App gestartet
12:41:41 11.09.2025 - M-Server stoppen ausgeführt
12:41:41 11.09.2025 - Automatischer Stopp des Containers um 12:41
13:22:15 11.09.2025 - Web-Server gestartet
13:24:38 11.09.2025 - Web-Server gestartet
14:38:18 11.09.2025 - Web-Server gestartet
14:39:08 11.09.2025 - FEHLER beim Status abfragen: name 'container' is not defined
14:39:58 11.09.2025 - FEHLER beim Status abfragen: name 'container' is not defined
14:41:14 11.09.2025 - Web-Server gestartet
14:45:41 11.09.2025 - Web-Server gestartet
14:46:31 11.09.2025 - FEHLER beim Status abfragen: name 'container' is not defined
14:46:53 11.09.2025 - Web-Server gestartet
14:48:49 11.09.2025 - Web-Server gestartet
14:48:54 11.09.2025 - FEHLER beim Status abfragen: name 'container' is not defined
14:48:58 11.09.2025 - FEHLER beim Status abfragen: name 'container' is not defined
14:49:02 11.09.2025 - FEHLER beim Status abfragen: name 'container' is not defined
14:49:03 11.09.2025 - M-Server starten gedrückt
14:49:03 11.09.2025 - FEHLER beim Status abfragen: name 'container' is not defined
14:49:06 11.09.2025 - FEHLER beim Status abfragen: name 'container' is not defined
14:49:10 11.09.2025 - FEHLER beim Status abfragen: name 'container' is not defined
14:49:14 11.09.2025 - FEHLER beim Status abfragen: name 'container' is not defined
14:49:15 11.09.2025 - M-Server starten gedrückt
14:49:15 11.09.2025 - FEHLER beim Status abfragen: name 'container' is not defined
14:49:18 11.09.2025 - FEHLER beim Status abfragen: name 'container' is not defined
14:49:20 11.09.2025 - FEHLER beim Status abfragen: name 'container' is not defined
14:49:21 11.09.2025 - M-Server starten gedrückt
14:49:21 11.09.2025 - FEHLER beim Status abfragen: name 'container' is not defined
14:49:24 11.09.2025 - FEHLER beim Status abfragen: name 'container' is not defined
14:49:27 11.09.2025 - FEHLER beim Status abfragen: name 'container' is not defined
14:49:31 11.09.2025 - FEHLER beim Status abfragen: name 'container' is not defined
14:49:39 11.09.2025 - FEHLER beim Status abfragen: name 'container' is not defined
14:50:29 11.09.2025 - FEHLER beim Status abfragen: name 'container' is not defined
14:51:19 11.09.2025 - FEHLER beim Status abfragen: name 'container' is not defined
14:52:09 11.09.2025 - FEHLER beim Status abfragen: name 'container' is not defined
14:52:59 11.09.2025 - FEHLER beim Status abfragen: name 'container' is not defined
14:53:49 11.09.2025 - FEHLER beim Status abfragen: name 'container' is not defined
14:54:39 11.09.2025 - FEHLER beim Status abfragen: name 'container' is not defined
14:55:29 11.09.2025 - FEHLER beim Status abfragen: name 'container' is not defined
14:56:19 11.09.2025 - FEHLER beim Status abfragen: name 'container' is not defined
14:57:09 11.09.2025 - FEHLER beim Status abfragen: name 'container' is not defined
14:57:59 11.09.2025 - FEHLER beim Status abfragen: name 'container' is not defined
14:58:49 11.09.2025 - FEHLER beim Status abfragen: name 'container' is not defined
14:59:39 11.09.2025 - FEHLER beim Status abfragen: name 'container' is not defined
15:00:29 11.09.2025 - FEHLER beim Status abfragen: name 'container' is not defined
15:01:19 11.09.2025 - FEHLER beim Status abfragen: name 'container' is not defined
15:16:48 11.09.2025 - Web-Server gestartet
15:18:48 11.09.2025 - Web-Server gestartet
15:20:01 11.09.2025 - Web-Server gestartet
15:27:58 11.09.2025 - Web-Server gestartet
15:28:16 11.09.2025 - test2 starten ausgeführt
15:28:20 11.09.2025 - test2 stoppen ausgeführt
15:28:24 11.09.2025 - test2 stoppen ausgeführt
15:28:30 11.09.2025 - test2 starten ausgeführt
15:28:33 11.09.2025 - test2 stoppen ausgeführt
15:29:01 11.09.2025 - test2 starten ausgeführt
15:29:03 11.09.2025 - test2 stoppen ausgeführt
15:30:29 11.09.2025 - test2 starten ausgeführt
15:31:19 11.09.2025 - test2 stoppen ausgeführt
15:35:43 11.09.2025 - Web-Server gestartet
15:36:18 11.09.2025 - test2 starten ausgeführt
15:36:29 11.09.2025 - test2 stoppen ausgeführt
15:36:32 11.09.2025 - test2 starten ausgeführt
15:36:45 11.09.2025 - test2 stoppen ausgeführt
15:37:05 11.09.2025 - test2 starten ausgeführt
15:46:16 11.09.2025 - Web-Server gestartet
15:46:39 11.09.2025 - test2 stoppen ausgeführt
15:46:51 11.09.2025 - test2 starten ausgeführt
15:47:00 11.09.2025 - test2 stoppen ausgeführt
15:47:13 11.09.2025 - test2 starten ausgeführt
15:47:35 11.09.2025 - test2 stoppen ausgeführt
15:49:50 11.09.2025 - Web-Server gestartet
15:49:59 11.09.2025 - test2 starten ausgeführt
15:52:01 11.09.2025 - test2 stoppen ausgeführt
15:56:52 11.09.2025 - Web-Server gestartet
15:57:05 11.09.2025 - test2 starten ausgeführt
15:57:10 11.09.2025 - test2 stoppen ausgeführt
16:07:45 11.09.2025 - Web-Server gestartet
16:18:36 11.09.2025 - Web-Server gestartet
16:19:54 11.09.2025 - Web-Server gestartet
16:23:51 11.09.2025 - Web-Server gestartet
16:28:18 11.09.2025 - Web-Server gestartet
16:38:34 11.09.2025 - Web-Server gestartet
16:43:46 11.09.2025 - Web-Server gestartet
16:43:48 11.09.2025 - Web-Server gestartet
16:43:49 11.09.2025 - Web-Server gestartet
16:43:50 11.09.2025 - Web-Server gestartet
16:43:51 11.09.2025 - Web-Server gestartet
16:43:54 11.09.2025 - Web-Server gestartet
16:44:47 11.09.2025 - Web-Server gestartet
16:46:25 11.09.2025 - Web-Server gestartet
16:49:30 11.09.2025 - Web-Server gestartet
16:57:23 11.09.2025 - Web-Server gestartet
17:05:51 11.09.2025 - Web-Server gestartet
17:09:56 11.09.2025 - Web-Server gestartet
17:12:52 11.09.2025 - Web-Server gestartet
